Game ID: "10719273"
Game Started at 2020-01-09 11:48:26 GMT
Game Engine Version: 3.7.2.1
File Format Version: 3.6.29.48 - 3.7.2.1
Exported with Version: 3.7.2.1

Red:       "Siwy"      as "mloda kadra"
Blue:      "NNN`Rafka" as "Men of faith" [Local Player]
Spectator: "SiD`" [Host]
Spectator: "TVPenguin"
Spectator: "TheExtremist"
Spectator: "xPoDxSilaneo"
Spectator: "waldek"

[00:00:00.00] [SiD`] Hf
[00:00:00.00] [Siwy] hf
[00:00:00.00] [NNN`Rafka] glhf!
[00:00:00.00] [TVPenguin] gl hf
[00:00:00.00] ••• Men of faith (NNN`Rafka) starts turn
[00:00:03.42] [TheExtremist] we salute you
[00:00:04.24] [xPoDxSilaneo] hf
[00:00:15.02] ••• Men of faith (NNN`Rafka) fires Select Worm
[00:00:18.78] ••• Men of faith (NNN`Rafka) fires Ninja Rope
[00:00:47.18] ••• Men of faith (NNN`Rafka) fires Low Gravity
[00:00:49.80] ••• Men of faith (NNN`Rafka) fires Baseball Bat
[00:00:53.38] ••• Men of faith (NNN`Rafka) ends turn; time used: 44.38 sec turn, 3.00 sec retreat
[00:01:00.90] ••• Damage dealt: 200 (2 kills) to mloda kadra (Siwy)
[00:01:00.90] ••• mloda kadra (Siwy) starts turn
[00:01:07.92] ••• mloda kadra (Siwy) fires Ninja Rope
[00:01:09.60] ••• mloda kadra (Siwy) fires Ninja Rope
[00:01:32.84] ••• mloda kadra (Siwy) fires Longbow
[00:01:48.02] ••• mloda kadra (Siwy) fires Longbow
[00:01:51.10] ••• mloda kadra (Siwy) ends turn; time used: 39.92 sec turn, 3.00 sec retreat
[00:01:56.72] ••• Damage dealt: 115 (1 kill) to Men of faith (NNN`Rafka)
[00:01:56.72] ••• Men of faith (NNN`Rafka) starts turn
[00:02:28.28] ••• Men of faith (NNN`Rafka) fires Select Worm
[00:02:45.18] ••• Men of faith (NNN`Rafka) fires Sheep
[00:02:48.20] ••• Men of faith (NNN`Rafka) ends turn; time used: 43.40 sec turn, 3.00 sec retreat
[00:02:54.36] ••• Damage dealt: 100 (1 kill) to mloda kadra (Siwy), 6 to Men of faith (NNN`Rafka)
[00:02:54.36] ••• mloda kadra (Siwy) starts turn
[00:02:57.10] ••• mloda kadra (Siwy) fires Low Gravity
[00:03:16.22] ••• mloda kadra (Siwy) fires Baseball Bat
[00:03:19.80] ••• mloda kadra (Siwy) ends turn; time used: 21.42 sec turn, 3.00 sec retreat
[00:03:26.30] ••• Damage dealt: 100 (1 kill) to Men of faith (NNN`Rafka)
[00:03:26.30] ••• Men of faith (NNN`Rafka) starts turn
[00:03:58.82] ••• Men of faith (NNN`Rafka) fires Ninja Rope
[00:04:02.76] ••• Men of faith (NNN`Rafka) uses Parachute
[00:04:11.42] ••• Men of faith (NNN`Rafka) loses turn due to loss of control; time used: 39.96 sec turn, 0.00 sec retreat
[00:04:12.94] [NNN`Rafka] aw
[00:04:16.02] ••• Damage dealt: 1 to Men of faith (NNN`Rafka)
[00:04:16.02] ••• mloda kadra (Siwy) starts turn
[00:04:31.78] ••• mloda kadra (Siwy) fires Select Worm
[00:04:47.82] ••• mloda kadra (Siwy) fires Mine
[00:04:53.00] ••• mloda kadra (Siwy) ends turn; time used: 26.74 sec turn, 5.00 sec retreat
[00:05:09.42] ••• Damage dealt: 99 (1 kill) to Men of faith (NNN`Rafka)
[00:05:09.42] ••• Men of faith (NNN`Rafka) starts turn
[00:05:39.98] ••• Men of faith (NNN`Rafka) fires Ninja Rope
[00:05:47.98] ••• Men of faith (NNN`Rafka) fires Shotgun
[00:06:02.38] ••• Men of faith (NNN`Rafka) fires Shotgun
[00:06:06.54] ••• Men of faith (NNN`Rafka) ends turn; time used: 44.66 sec turn, 3.00 sec retreat
[00:06:10.96] ••• Damage dealt: 52 to mloda kadra (Siwy)
[00:06:10.96] ••• mloda kadra (Siwy) starts turn
[00:06:31.16] ••• mloda kadra (Siwy) fires Ninja Rope
[00:06:38.56] ••• mloda kadra (Siwy) fires Sheep
[00:06:41.72] ••• mloda kadra (Siwy) loses turn due to loss of control; time used: 24.20 sec turn, 2.98 sec retreat
[00:06:47.94] ••• Damage dealt: 4 to mloda kadra (Siwy), 64 to Men of faith (NNN`Rafka)
[00:06:47.94] ••• Men of faith (NNN`Rafka) starts turn
[00:07:29.22] ••• Men of faith (NNN`Rafka) fires Shotgun
[00:07:38.82] ••• Men of faith (NNN`Rafka) fires Shotgun
[00:07:42.98] ••• Men of faith (NNN`Rafka) ends turn; time used: 44.52 sec turn, 3.00 sec retreat
[00:07:47.74] ••• Damage dealt: 50 to mloda kadra (Siwy)
[00:07:47.74] ••• mloda kadra (Siwy) starts turn
[00:07:52.28] ••• mloda kadra (Siwy) fires Ninja Rope
[00:08:07.14] ••• mloda kadra (Siwy) fires Dynamite
[00:08:12.18] ••• mloda kadra (Siwy) loses turn due to loss of control; time used: 18.38 sec turn, 4.86 sec retreat
[00:08:20.32] ••• Damage dealt: 4 to mloda kadra (Siwy), 89 to Men of faith (NNN`Rafka)
[00:08:20.32] ••• Men of faith (NNN`Rafka) starts turn
[00:09:09.14] ••• Men of faith (NNN`Rafka) fires Shotgun
[00:09:14.24] ••• Men of faith (NNN`Rafka) fires Shotgun
[00:09:18.40] ••• Men of faith (NNN`Rafka) ends turn; time used: 44.24 sec turn, 3.00 sec retreat
[00:09:22.82] ••• Damage dealt: 50 to mloda kadra (Siwy)
[00:09:22.82] ••• mloda kadra (Siwy) starts turn
[00:09:43.08] ••• mloda kadra (Siwy) fires Shotgun
[00:09:49.80] ••• mloda kadra (Siwy) fires Shotgun
[00:09:53.96] ••• mloda kadra (Siwy) ends turn; time used: 24.30 sec turn, 3.00 sec retreat
[00:10:03.32] ••• Damage dealt: 11 (1 kill) to Men of faith (NNN`Rafka)
[00:10:03.32] ••• Men of faith (NNN`Rafka) starts turn
[00:10:41.50] ••• Men of faith (NNN`Rafka) fires Shotgun
[00:10:57.22] ••• Men of faith (NNN`Rafka) fires Shotgun
[00:11:01.38] ••• Men of faith (NNN`Rafka) ends turn; time used: 43.82 sec turn, 3.00 sec retreat
[00:11:11.08] ••• Damage dealt: 44 (1 kill) to mloda kadra (Siwy)
[00:11:11.08] ••• mloda kadra (Siwy) starts turn
[00:11:17.48] ••• mloda kadra (Siwy) fires Select Worm
[00:11:21.14] ••• mloda kadra (Siwy) fires Ninja Rope
[00:11:39.36] ••• mloda kadra (Siwy) fires Grenade (3 sec, min bounce)
[00:11:44.38] ••• mloda kadra (Siwy) ends turn; time used: 26.82 sec turn, 5.00 sec retreat
[00:11:50.60] ••• Damage dealt: 94 (1 kill) to Men of faith (NNN`Rafka)
[00:11:50.60] ••• Men of faith (NNN`Rafka) starts turn
[00:12:14.02] ••• Men of faith (NNN`Rafka) fires Jet Pack
[00:12:36.20] ••• Men of faith (NNN`Rafka) fires Dynamite
[00:12:41.20] ••• Men of faith (NNN`Rafka) used 30 (27) units of Jet Pack fuel
[00:12:41.22] ••• Men of faith (NNN`Rafka) ends turn; time used: 44.34 sec turn, 5.00 sec retreat
[00:12:48.78] ••• Damage dealt: 100 (1 kill) to mloda kadra (Siwy)
[00:12:48.78] ••• mloda kadra (Siwy) starts turn
[00:13:21.38] ••• mloda kadra (Siwy) fires Select Worm
[00:13:31.58] ••• mloda kadra (Siwy) fires Shotgun
[00:13:38.86] ••• mloda kadra (Siwy) fires Shotgun
[00:13:43.02] ••• mloda kadra (Siwy) ends turn; time used: 43.44 sec turn, 3.00 sec retreat
[00:13:47.78] ••• Damage dealt: 50 to Men of faith (NNN`Rafka)
[00:13:47.78] ••• Men of faith (NNN`Rafka) starts turn
[00:14:14.32] ••• Men of faith (NNN`Rafka) fires Shotgun
[00:14:34.48] ••• Men of faith (NNN`Rafka) fires Shotgun
[00:14:38.64] ••• Men of faith (NNN`Rafka) ends turn; time used: 36.72 sec turn, 3.00 sec retreat
[00:14:48.34] ••• Damage dealt: 50 (1 kill) to mloda kadra (Siwy)
[00:14:48.34] ••• mloda kadra (Siwy) starts turn
[00:15:13.82] ••• mloda kadra (Siwy) fires Shotgun
[00:15:23.96] ••• mloda kadra (Siwy) fires Shotgun
[00:15:28.12] ••• mloda kadra (Siwy) ends turn; time used: 33.04 sec turn, 3.00 sec retreat
[00:15:32.54] ••• Damage dealt: 22 to Men of faith (NNN`Rafka)
[00:15:32.54] ••• Men of faith (NNN`Rafka) starts turn
[00:15:37.84] ••• Men of faith (NNN`Rafka) fires Shotgun
[00:15:43.96] ••• Men of faith (NNN`Rafka) fires Shotgun
[00:15:48.12] ••• Men of faith (NNN`Rafka) ends turn; time used: 4.86 sec turn, 3.00 sec retreat
[00:15:57.48] ••• Damage dealt: 46 (1 kill) to mloda kadra (Siwy)
[00:15:57.48] ••• mloda kadra (Siwy) starts turn
[00:16:03.86] ••• mloda kadra (Siwy) fires Ninja Rope
[00:16:27.60] ••• mloda kadra (Siwy) fires Mad Cow (herd of 2)
[00:16:31.64] ••• mloda kadra (Siwy) ends turn; time used: 29.62 sec turn, 3.00 sec retreat
[00:16:40.24] ••• Damage dealt: 115 (1 kill) to Men of faith (NNN`Rafka)
[00:16:40.24] ••• Men of faith (NNN`Rafka) starts turn
[00:17:21.22] ••• Men of faith (NNN`Rafka) fires Shotgun
[00:17:28.22] ••• Men of faith (NNN`Rafka) fires Shotgun
[00:17:32.38] ••• Men of faith (NNN`Rafka) ends turn; time used: 41.64 sec turn, 3.00 sec retreat
[00:17:35.80] ••• Damage dealt: 50 to mloda kadra (Siwy)
[00:17:35.80] ••• mloda kadra (Siwy) starts turn
[00:17:41.50] ••• mloda kadra (Siwy) fires Jet Pack
[00:17:47.34] ••• mloda kadra (Siwy) used 30 units of Jet Pack fuel
[00:17:51.90] ••• mloda kadra (Siwy) fires Shotgun
[00:17:54.48] [xPoDxSilaneo] gg
[00:18:28.58] ••• mloda kadra (Siwy) fires Shotgun
[00:18:30.78] [SiD`] gg
[00:18:31.26] ••• mloda kadra (Siwy) ends turn; time used: 41.26 sec turn, 1.54 sec retreat
[00:18:31.46] [TVPenguin] gg
[00:18:32.32] [SiD`] wp
[00:18:32.62] [Siwy] gg
[00:18:33.18] [NNN`Rafka] gg
[00:18:35.58] [NNN`Rafka] saw this
[00:18:36.18] [TheExtremist] gg
[00:18:41.50] [NNN`Rafka] but too less time to thing
[00:18:43.10] [NNN`Rafka] for a hide
[00:18:43.46] *** Round Finish acknowledged by Siwy
[00:18:45.50] *** Round Finish acknowledged by SiD`
[00:18:46.02] ••• Damage dealt: 34 (2 kills) to Men of faith (NNN`Rafka)
[00:18:46.04] ••• Game Ends - Round Finished
[00:18:46.04] *** Round Finish acknowledged by NNN`Rafka
[00:18:46.04] *** Round Finish acknowledged by waldek
[00:18:46.04] *** Round Finish acknowledged by TVPenguin
[00:18:46.04] *** Round Finish acknowledged by TheExtremist
[00:18:46.04] *** Round Finish acknowledged by xPoDxSilaneo

Team time totals:
mloda kadra (Siwy):       Turn: 00:05:29.14, Retreat: 00:00:37.38, Total: 00:06:06.52, Turn count: 11
Men of faith (NNN`Rafka): Turn: 00:07:12.54, Retreat: 00:00:32.00, Total: 00:07:44.54, Turn count: 11

Total Jet Pack fuel used: 60
End of round 1

Round time: 0:18:46
Total game time elapsed: 0:18:46

mloda kadra wins the round.

Worm of the round: Jasny lis (mloda kadra)
Most kills with one shot: 2 - Jozue (Men of faith)
Most damage with one shot: 200 - Jozue (Men of faith)
